usage: rebuild_faiss.py [-h] --index-dir INDEX_DIR [--summaries SUMMARIES]
                        [--update-metadata] [--faiss-type {Flat,HNSW,IVF}]
                        [--hnsw-m HNSW_M] [--hnsw-ef HNSW_EF]
                        [--ivf-nlist IVF_NLIST]
rebuild_faiss.py: error: the following arguments are required: --index-dir
usage: rebuild_faiss.py [-h] --index-dir INDEX_DIR [--summaries SUMMARIES]
                        [--update-metadata] [--faiss-type {Flat,HNSW,IVF}]
                        [--hnsw-m HNSW_M] [--hnsw-ef HNSW_EF]
                        [--ivf-nlist IVF_NLIST]
rebuild_faiss.py: error: the following arguments are required: --index-dir
From github.com:XINZHANG-ops/daily_paper
   fc5d098..eca02b2  main       -> origin/main
usage: rebuild_faiss.py [-h] --index-dir INDEX_DIR [--summaries SUMMARIES]
                        [--update-metadata] [--faiss-type {Flat,HNSW,IVF}]
                        [--hnsw-m HNSW_M] [--hnsw-ef HNSW_EF]
                        [--ivf-nlist IVF_NLIST]
rebuild_faiss.py: error: the following arguments are required: --index-dir
ssh: connect to host github.com port 22: Undefined error: 0
fatal: Could not read from remote repository.

Please make sure you have the correct access rights
and the repository exists.
usage: rebuild_faiss.py [-h] --index-dir INDEX_DIR [--summaries SUMMARIES]
                        [--update-metadata] [--faiss-type {Flat,HNSW,IVF}]
                        [--hnsw-m HNSW_M] [--hnsw-ef HNSW_EF]
                        [--ivf-nlist IVF_NLIST]
rebuild_faiss.py: error: the following arguments are required: --index-dir
usage: rebuild_faiss.py [-h] --index-dir INDEX_DIR [--summaries SUMMARIES]
                        [--update-metadata] [--faiss-type {Flat,HNSW,IVF}]
                        [--hnsw-m HNSW_M] [--hnsw-ef HNSW_EF]
                        [--ivf-nlist IVF_NLIST]
rebuild_faiss.py: error: the following arguments are required: --index-dir
usage: rebuild_faiss.py [-h] --index-dir INDEX_DIR [--summaries SUMMARIES]
                        [--update-metadata] [--faiss-type {Flat,HNSW,IVF}]
                        [--hnsw-m HNSW_M] [--hnsw-ef HNSW_EF]
                        [--ivf-nlist IVF_NLIST]
rebuild_faiss.py: error: the following arguments are required: --index-dir
From github.com:XINZHANG-ops/daily_paper
   eca02b2..7ce016e  main       -> origin/main
usage: rebuild_faiss.py [-h] --index-dir INDEX_DIR [--summaries SUMMARIES]
                        [--update-metadata] [--faiss-type {Flat,HNSW,IVF}]
                        [--hnsw-m HNSW_M] [--hnsw-ef HNSW_EF]
                        [--ivf-nlist IVF_NLIST]
rebuild_faiss.py: error: the following arguments are required: --index-dir
From github.com:XINZHANG-ops/daily_paper
   7ce016e..b0cf10a  main       -> origin/main
usage: rebuild_faiss.py [-h] --index-dir INDEX_DIR [--summaries SUMMARIES]
                        [--update-metadata] [--faiss-type {Flat,HNSW,IVF}]
                        [--hnsw-m HNSW_M] [--hnsw-ef HNSW_EF]
                        [--ivf-nlist IVF_NLIST]
rebuild_faiss.py: error: the following arguments are required: --index-dir
From github.com:XINZHANG-ops/daily_paper
   b0cf10a..f99e58f  main       -> origin/main
usage: rebuild_faiss.py [-h] --index-dir INDEX_DIR [--summaries SUMMARIES]
                        [--update-metadata] [--faiss-type {Flat,HNSW,IVF}]
                        [--hnsw-m HNSW_M] [--hnsw-ef HNSW_EF]
                        [--ivf-nlist IVF_NLIST]
rebuild_faiss.py: error: the following arguments are required: --index-dir
Error: exit status 1
From github.com:XINZHANG-ops/daily_paper
   f99e58f..eee24ff  main       -> origin/main
usage: rebuild_faiss.py [-h] --index-dir INDEX_DIR [--summaries SUMMARIES]
                        [--update-metadata] [--faiss-type {Flat,HNSW,IVF}]
                        [--hnsw-m HNSW_M] [--hnsw-ef HNSW_EF]
                        [--ivf-nlist IVF_NLIST]
rebuild_faiss.py: error: the following arguments are required: --index-dir
Error: exit status 1
From github.com:XINZHANG-ops/daily_paper
   eee24ff..8734169  main       -> origin/main
usage: rebuild_faiss.py [-h] --index-dir INDEX_DIR [--summaries SUMMARIES]
                        [--update-metadata] [--faiss-type {Flat,HNSW,IVF}]
                        [--hnsw-m HNSW_M] [--hnsw-ef HNSW_EF]
                        [--ivf-nlist IVF_NLIST]
rebuild_faiss.py: error: the following arguments are required: --index-dir
