[2026-04-23 13:37:29] paper_search_server supervisor starting
[2026-04-23 13:37:29] Repo: /Users/xinzhang/daily_paper
[2026-04-23 13:37:29] Watching: origin/main
[2026-04-23 13:37:29] Interval: 600s
[2026-04-23 13:37:29] Port: 5001
[2026-04-23 13:37:29] Initial fetch...
[2026-04-23 13:37:30] Baseline remote hash: 2a55de539f393811e0dc6e139862d6adc3fcccf6
[2026-04-23 13:37:30] ===== Restart begin =====
[2026-04-23 13:37:30] git pull --ff-only
Already up to date.
[2026-04-23 13:37:31] Step 1/2: rebuild_faiss (rebuild vector index)
[2026-04-23 13:37:31] WARNING: rebuild_faiss.py failed (non-fatal), continuing...
[2026-04-23 13:37:31] Step 2/2: wiki_build (agent builds wiki)
[2026-04-23 13:37:31] All papers in wiki/raw/ already processed — skipping build.
[2026-04-23 13:37:31] Starting server in background...
[2026-04-23 13:37:34] Server started. PID=30204
[2026-04-23 13:37:34] Server log: /tmp/paper_search_server.log
[2026-04-23 13:37:34] ===== Restart done =====
[2026-04-23 13:47:34] Checking remote updates...
[2026-04-23 13:47:34] Remote update detected: 2a55de539f393811e0dc6e139862d6adc3fcccf6 -> fc5d098a0857ca697346b37359764175b4630a32
[2026-04-23 13:47:34] ===== Restart begin =====
[2026-04-23 13:47:34] Stopping server PID=30204
[2026-04-23 13:47:36] Server stopped.
[2026-04-23 13:47:36] git pull --ff-only
Already up to date.
[2026-04-23 13:47:36] Step 1/2: rebuild_faiss (rebuild vector index)
[2026-04-23 13:47:37] WARNING: rebuild_faiss.py failed (non-fatal), continuing...
[2026-04-23 13:47:37] Step 2/2: wiki_build (agent builds wiki)
[2026-04-23 13:47:37] All papers in wiki/raw/ already processed — skipping build.
[2026-04-23 13:47:37] Starting server in background...
[2026-04-23 13:47:39] Server started. PID=39557
[2026-04-23 13:47:39] Server log: /tmp/paper_search_server.log
[2026-04-23 13:47:39] ===== Restart done =====
[2026-04-23 13:57:39] Checking remote updates...
[2026-04-23 14:07:40] Checking remote updates...
[2026-04-23 14:17:41] Checking remote updates...
[2026-04-23 14:27:42] Checking remote updates...
[2026-04-23 14:37:43] Checking remote updates...
[2026-04-23 14:47:44] Checking remote updates...
[2026-04-23 14:57:45] Checking remote updates...
[2026-04-23 15:07:45] Checking remote updates...
[2026-04-23 15:17:46] Checking remote updates...
[2026-04-23 15:27:47] Checking remote updates...
[2026-04-23 15:37:48] Checking remote updates...
[2026-04-23 15:47:49] Checking remote updates...
[2026-04-23 15:57:50] Checking remote updates...
[2026-04-23 16:07:51] Checking remote updates...
[2026-04-23 16:17:52] Checking remote updates...
[2026-04-23 16:27:53] Checking remote updates...
[2026-04-23 16:37:54] Checking remote updates...
[2026-04-23 16:47:55] Checking remote updates...
[2026-04-23 16:57:55] Checking remote updates...
[2026-04-23 17:07:56] Checking remote updates...
[2026-04-23 17:17:57] Checking remote updates...
[2026-04-23 17:27:58] Checking remote updates...
[2026-04-23 17:37:59] Checking remote updates...
[2026-04-23 17:48:00] Checking remote updates...
[2026-04-23 17:58:01] Checking remote updates...
[2026-04-23 18:08:02] Checking remote updates...
[2026-04-23 18:18:03] Checking remote updates...
[2026-04-23 18:28:04] Checking remote updates...
[2026-04-23 18:38:05] Checking remote updates...
[2026-04-23 18:48:06] Checking remote updates...
[2026-04-23 18:58:07] Checking remote updates...
[2026-04-23 19:08:08] Checking remote updates...
[2026-04-23 19:18:08] Checking remote updates...
[2026-04-23 19:28:09] Checking remote updates...
[2026-04-23 19:38:10] Checking remote updates...
[2026-04-23 19:48:11] Checking remote updates...
[2026-04-23 19:58:12] Checking remote updates...
[2026-04-23 20:08:13] Checking remote updates...
[2026-04-23 20:18:14] Checking remote updates...
[2026-04-23 20:28:15] Checking remote updates...
[2026-04-23 20:38:16] Checking remote updates...
[2026-04-23 20:48:17] Checking remote updates...
[2026-04-23 20:58:17] Checking remote updates...
[2026-04-23 21:08:18] Checking remote updates...
[2026-04-23 21:18:19] Checking remote updates...
[2026-04-23 21:28:20] Checking remote updates...
[2026-04-23 21:38:21] Checking remote updates...
[2026-04-23 21:48:22] Checking remote updates...
[2026-04-23 21:58:23] Checking remote updates...
[2026-04-23 22:08:24] Checking remote updates...
[2026-04-23 22:18:25] Checking remote updates...
[2026-04-23 22:28:27] Checking remote updates...
[2026-04-23 22:38:27] Checking remote updates...
[2026-04-23 22:48:28] Checking remote updates...
[2026-04-23 22:58:29] Checking remote updates...
[2026-04-23 23:08:30] Checking remote updates...
[2026-04-23 23:18:31] Checking remote updates...
[2026-04-23 23:28:32] Checking remote updates...
[2026-04-23 23:38:33] Checking remote updates...
[2026-04-23 23:48:34] Checking remote updates...
[2026-04-23 23:58:35] Checking remote updates...
[2026-04-24 00:08:36] Checking remote updates...
[2026-04-24 00:18:37] Checking remote updates...
[2026-04-24 00:28:38] Checking remote updates...
[2026-04-24 00:38:39] Checking remote updates...
[2026-04-24 00:48:40] Checking remote updates...
[2026-04-24 00:58:41] Checking remote updates...
[2026-04-24 01:08:42] Checking remote updates...
[2026-04-24 01:18:43] Checking remote updates...
[2026-04-24 01:28:44] Checking remote updates...
[2026-04-24 01:38:45] Checking remote updates...
[2026-04-24 01:48:46] Checking remote updates...
[2026-04-24 01:58:47] Checking remote updates...
[2026-04-24 02:08:48] Checking remote updates...
[2026-04-24 02:18:50] Checking remote updates...
[2026-04-24 02:28:51] Checking remote updates...
[2026-04-24 02:38:52] Checking remote updates...
[2026-04-24 02:48:53] Checking remote updates...
[2026-04-24 02:58:54] Checking remote updates...
[2026-04-24 03:08:55] Checking remote updates...
[2026-04-24 03:18:56] Checking remote updates...
[2026-04-24 03:28:57] Checking remote updates...
[2026-04-24 03:38:58] Checking remote updates...
[2026-04-24 03:48:59] Checking remote updates...
[2026-04-24 03:59:00] Checking remote updates...
[2026-04-24 04:09:01] Checking remote updates...
[2026-04-24 04:19:02] Checking remote updates...
[2026-04-24 04:29:03] Checking remote updates...
[2026-04-24 04:39:04] Checking remote updates...
[2026-04-24 04:49:05] Checking remote updates...
[2026-04-24 04:59:06] Checking remote updates...
[2026-04-24 05:09:07] Checking remote updates...
[2026-04-24 05:19:08] Checking remote updates...
[2026-04-24 05:29:09] Checking remote updates...
[2026-04-24 05:39:10] Checking remote updates...
[2026-04-24 05:49:11] Checking remote updates...
[2026-04-24 05:59:12] Checking remote updates...
[2026-04-24 06:09:13] Checking remote updates...
[2026-04-24 06:19:14] Checking remote updates...
[2026-04-24 06:29:15] Checking remote updates...
[2026-04-24 06:39:17] Checking remote updates...
[2026-04-24 06:49:18] Checking remote updates...
[2026-04-24 06:49:19] Remote update detected: fc5d098a0857ca697346b37359764175b4630a32 -> eca02b2048eea5f89f6e89c3e20d077c8b2bb2d9
[2026-04-24 06:49:19] ===== Restart begin =====
[2026-04-24 06:49:19] Stopping server PID=39557
[2026-04-24 06:49:20] Server stopped.
[2026-04-24 06:49:20] git pull --ff-only
Updating fc5d098..eca02b2
Fast-forward
 dailies/pages/2026-04-24.html | 1725 +++++++++++++++++++++++++++++++++++++++++
 dailies/tips/2026-04-24.json  |    1 +
 index.html                    |    9 +-
 summaries.jsonl               |    3 +
 4 files changed, 1734 insertions(+), 4 deletions(-)
 create mode 100644 dailies/pages/2026-04-24.html
 create mode 100644 dailies/tips/2026-04-24.json
[2026-04-24 06:49:21] Step 1/2: rebuild_faiss (rebuild vector index)
[2026-04-24 06:49:22] WARNING: rebuild_faiss.py failed (non-fatal), continuing...
[2026-04-24 06:49:22] Step 2/2: wiki_build (agent builds wiki)
[2026-04-24 06:49:22] All papers in wiki/raw/ already processed — skipping build.
[2026-04-24 06:49:22] Starting server in background...
[2026-04-24 06:49:24] Server started. PID=87067
[2026-04-24 06:49:24] Server log: /tmp/paper_search_server.log
[2026-04-24 06:49:24] ===== Restart done =====
[2026-04-24 06:59:24] Checking remote updates...
[2026-04-24 07:09:25] Checking remote updates...
[2026-04-24 07:19:26] Checking remote updates...
[2026-04-24 07:29:27] Checking remote updates...
[2026-04-24 07:39:28] Checking remote updates...
[2026-04-24 07:49:29] Checking remote updates...
[2026-04-24 07:59:30] Checking remote updates...
[2026-04-24 08:09:31] Checking remote updates...
[2026-04-24 08:19:32] Checking remote updates...
[2026-04-24 08:29:33] Checking remote updates...
[2026-04-24 08:39:34] Checking remote updates...
[2026-04-24 08:49:35] Checking remote updates...
[2026-04-24 08:59:36] Checking remote updates...
[2026-04-24 09:09:37] Checking remote updates...
[2026-04-24 09:19:38] Checking remote updates...
[2026-04-24 09:29:38] Checking remote updates...
[2026-04-24 09:39:39] Checking remote updates...
[2026-04-24 09:49:40] Checking remote updates...
[2026-04-24 09:59:41] Checking remote updates...
[2026-04-24 10:09:42] Checking remote updates...
[2026-04-24 10:19:43] Checking remote updates...
[2026-04-24 10:29:44] Checking remote updates...
[2026-04-24 10:39:45] Checking remote updates...
[2026-04-24 10:49:46] Checking remote updates...
[2026-04-24 10:59:47] Checking remote updates...
[2026-04-24 11:09:48] Checking remote updates...
[2026-04-24 11:19:49] Checking remote updates...
[2026-04-24 11:29:50] Checking remote updates...
[2026-04-24 11:39:50] Checking remote updates...
[2026-04-24 11:49:52] Checking remote updates...
[2026-04-24 11:59:53] Checking remote updates...
[2026-04-24 12:09:54] Checking remote updates...
[2026-04-24 12:19:55] Checking remote updates...
[2026-04-24 12:29:56] Checking remote updates...
[2026-04-24 12:39:57] Checking remote updates...
[2026-04-24 12:49:58] Checking remote updates...
[2026-04-24 12:59:59] Checking remote updates...
[2026-04-24 13:10:00] Checking remote updates...
[2026-04-24 13:20:01] Checking remote updates...
[2026-04-24 13:30:02] Checking remote updates...
[2026-04-24 13:40:03] Checking remote updates...
[2026-04-24 13:50:04] Checking remote updates...
[2026-04-24 14:00:04] Checking remote updates...
[2026-04-24 14:10:06] Checking remote updates...
[2026-04-24 14:20:07] Checking remote updates...
[2026-04-24 14:30:08] Checking remote updates...
[2026-04-24 14:40:08] Checking remote updates...
[2026-04-24 14:50:09] Checking remote updates...
[2026-04-24 15:00:10] Checking remote updates...
[2026-04-24 15:10:11] Checking remote updates...
[2026-04-24 15:20:12] Checking remote updates...
[2026-04-24 15:30:13] Checking remote updates...
[2026-04-24 15:40:14] Checking remote updates...
[2026-04-24 15:50:15] Checking remote updates...
[2026-04-24 16:00:16] Checking remote updates...
[2026-04-24 16:10:17] Checking remote updates...
[2026-04-24 16:20:18] Checking remote updates...
[2026-04-24 16:30:19] Checking remote updates...
[2026-04-24 16:40:20] Checking remote updates...
[2026-04-24 16:50:21] Checking remote updates...
[2026-04-24 17:00:22] Checking remote updates...
[2026-04-24 17:10:23] Checking remote updates...
[2026-04-24 17:20:24] Checking remote updates...
[2026-04-24 17:30:25] Checking remote updates...
[2026-04-24 17:40:26] Checking remote updates...
[2026-04-24 17:50:27] Checking remote updates...
[2026-04-24 18:00:28] Checking remote updates...
[2026-04-24 18:10:29] Checking remote updates...
[2026-04-24 18:20:30] Checking remote updates...
[2026-04-24 18:30:31] Checking remote updates...
[2026-04-24 18:40:32] Checking remote updates...
[2026-04-24 18:50:33] Checking remote updates...
[2026-04-24 19:00:34] Checking remote updates...
[2026-04-24 19:10:35] Checking remote updates...
[2026-04-24 19:20:36] Checking remote updates...
[2026-04-24 19:30:36] Checking remote updates...
[2026-04-24 19:40:37] Checking remote updates...
[2026-04-24 19:50:38] Checking remote updates...
[2026-04-24 20:00:40] Checking remote updates...
[2026-04-24 20:10:41] Checking remote updates...
[2026-04-24 20:20:42] Checking remote updates...
[2026-04-24 20:30:43] Checking remote updates...
[2026-04-24 20:40:44] Checking remote updates...
[2026-04-24 20:50:45] Checking remote updates...
[2026-04-24 21:00:46] Checking remote updates...
[2026-04-24 21:10:47] Checking remote updates...
[2026-04-24 21:20:48] Checking remote updates...
[2026-04-24 21:30:49] Checking remote updates...
[2026-04-24 21:40:50] Checking remote updates...
[2026-04-24 21:50:52] Checking remote updates...
[2026-04-24 22:00:53] Checking remote updates...
[2026-04-24 22:10:54] Checking remote updates...
[2026-04-24 22:20:55] Checking remote updates...
[2026-04-24 22:30:56] Checking remote updates...
[2026-04-24 22:40:57] Checking remote updates...
[2026-04-24 22:50:58] Checking remote updates...
[2026-04-24 23:00:59] Checking remote updates...
[2026-04-24 23:11:00] Checking remote updates...
[2026-04-24 23:21:01] Checking remote updates...
[2026-04-24 23:31:02] Checking remote updates...
[2026-04-24 23:41:03] Checking remote updates...
[2026-04-24 23:51:05] Checking remote updates...
[2026-04-25 00:01:06] Checking remote updates...
[2026-04-25 00:11:07] Checking remote updates...
[2026-04-25 00:21:08] Checking remote updates...
[2026-04-25 00:31:09] Checking remote updates...
[2026-04-25 00:41:10] Checking remote updates...
[2026-04-25 00:51:11] Checking remote updates...
[2026-04-25 01:01:12] Checking remote updates...
[2026-04-25 01:11:13] Checking remote updates...
[2026-04-25 01:21:14] Checking remote updates...
[2026-04-25 01:31:15] Checking remote updates...
[2026-04-25 01:41:16] Checking remote updates...
[2026-04-25 01:51:17] Checking remote updates...
[2026-04-25 02:01:18] Checking remote updates...
[2026-04-25 02:11:18] Checking remote updates...
[2026-04-25 02:21:19] Checking remote updates...
[2026-04-25 02:31:20] Checking remote updates...
[2026-04-25 02:41:21] Checking remote updates...
[2026-04-25 02:51:22] Checking remote updates...
[2026-04-25 03:01:23] Checking remote updates...
[2026-04-25 03:11:24] Checking remote updates...
[2026-04-25 03:21:25] Checking remote updates...
[2026-04-25 03:31:26] Checking remote updates...
[2026-04-25 03:41:27] Checking remote updates...
[2026-04-25 03:51:28] Checking remote updates...
[2026-04-25 04:01:29] Checking remote updates...
[2026-04-25 04:11:30] Checking remote updates...
[2026-04-25 04:21:31] Checking remote updates...
[2026-04-25 04:31:32] Checking remote updates...
[2026-04-25 04:41:33] Checking remote updates...
[2026-04-25 04:51:34] Checking remote updates...
[2026-04-25 05:01:35] Checking remote updates...
[2026-04-25 05:11:36] Checking remote updates...
[2026-04-25 05:21:37] Checking remote updates...
[2026-04-25 05:31:38] Checking remote updates...
[2026-04-25 05:41:39] Checking remote updates...
[2026-04-25 05:51:40] Checking remote updates...
[2026-04-25 06:01:41] Checking remote updates...
[2026-04-25 06:11:42] Checking remote updates...
[2026-04-25 06:21:43] Checking remote updates...
[2026-04-25 06:31:44] Checking remote updates...
[2026-04-25 06:41:45] Checking remote updates...
[2026-04-25 06:51:46] Checking remote updates...
[2026-04-25 07:01:47] Checking remote updates...
[2026-04-25 07:11:48] Checking remote updates...
[2026-04-25 07:21:49] Checking remote updates...
[2026-04-25 07:31:50] Checking remote updates...
[2026-04-25 07:41:51] Checking remote updates...
[2026-04-25 07:51:52] Checking remote updates...
[2026-04-25 08:01:53] Checking remote updates...
[2026-04-25 08:11:54] Checking remote updates...
[2026-04-25 08:21:55] Checking remote updates...
[2026-04-25 08:31:55] Checking remote updates...
[2026-04-25 08:41:58] Checking remote updates...
[2026-04-25 08:51:59] Checking remote updates...
[2026-04-25 09:02:02] Checking remote updates...
[2026-04-25 09:12:02] Checking remote updates...
[2026-04-25 09:22:03] Checking remote updates...
[2026-04-25 09:32:04] Checking remote updates...
[2026-04-25 09:42:05] Checking remote updates...
[2026-04-25 09:52:06] Checking remote updates...
[2026-04-25 10:02:07] Checking remote updates...
[2026-04-25 10:12:08] Checking remote updates...
[2026-04-25 10:22:10] Checking remote updates...
[2026-04-25 10:32:11] Checking remote updates...
[2026-04-25 10:42:12] Checking remote updates...
[2026-04-25 10:52:13] Checking remote updates...
[2026-04-25 11:02:14] Checking remote updates...
[2026-04-25 11:12:15] Checking remote updates...
[2026-04-25 11:22:16] Checking remote updates...
[2026-04-25 11:32:17] Checking remote updates...
[2026-04-25 11:42:18] Checking remote updates...
[2026-04-25 11:52:19] Checking remote updates...
[2026-04-25 12:02:20] Checking remote updates...
[2026-04-25 12:12:21] Checking remote updates...
[2026-04-25 12:22:22] Checking remote updates...
[2026-04-25 12:32:23] Checking remote updates...
[2026-04-25 12:42:24] Checking remote updates...
[2026-04-25 12:52:25] Checking remote updates...
[2026-04-25 13:02:26] Checking remote updates...
[2026-04-25 13:12:27] Checking remote updates...
[2026-04-25 13:22:28] Checking remote updates...
[2026-04-25 13:32:29] Checking remote updates...
[2026-04-25 13:42:30] Checking remote updates...
[2026-04-25 13:52:31] Checking remote updates...
[2026-04-25 14:02:32] Checking remote updates...
[2026-04-25 14:12:33] Checking remote updates...
[2026-04-25 14:22:34] Checking remote updates...
[2026-04-25 14:32:35] Checking remote updates...
[2026-04-25 14:42:36] Checking remote updates...
[2026-04-25 14:52:37] Checking remote updates...
[2026-04-25 15:02:38] Checking remote updates...
[2026-04-25 15:12:39] Checking remote updates...
[2026-04-25 15:22:40] Checking remote updates...
[2026-04-25 15:32:41] Checking remote updates...
[2026-04-25 15:42:42] Checking remote updates...
[2026-04-25 15:52:43] Checking remote updates...
[2026-04-25 16:02:44] Checking remote updates...
[2026-04-25 16:12:45] Checking remote updates...
[2026-04-25 16:22:46] Checking remote updates...
[2026-04-25 16:32:48] Checking remote updates...
[2026-04-25 16:42:48] Checking remote updates...
[2026-04-25 16:52:49] Checking remote updates...
[2026-04-25 17:02:50] Checking remote updates...
[2026-04-25 17:12:51] Checking remote updates...
[2026-04-25 17:22:52] Checking remote updates...
[2026-04-25 17:32:53] Checking remote updates...
[2026-04-25 17:42:54] Checking remote updates...
[2026-04-25 17:52:55] Checking remote updates...
[2026-04-25 18:02:56] Checking remote updates...
[2026-04-25 18:12:57] Checking remote updates...
[2026-04-25 18:22:58] Checking remote updates...
[2026-04-25 18:32:59] Checking remote updates...
[2026-04-25 18:43:00] Checking remote updates...
[2026-04-25 18:53:01] Checking remote updates...
[2026-04-25 19:03:02] Checking remote updates...
[2026-04-25 19:13:03] Checking remote updates...
[2026-04-25 19:23:04] Checking remote updates...
[2026-04-25 19:33:05] Checking remote updates...
[2026-04-25 19:43:06] Checking remote updates...
[2026-04-25 19:53:07] Checking remote updates...
[2026-04-25 20:03:08] Checking remote updates...
[2026-04-25 21:16:57] paper_search_server supervisor starting
[2026-04-25 21:16:57] Repo: /Users/xinzhang/daily_paper
[2026-04-25 21:16:57] Watching: origin/main
[2026-04-25 21:16:57] Interval: 600s
[2026-04-25 21:16:57] Port: 5001
[2026-04-25 21:16:57] Initial fetch...
[2026-04-25 21:16:58] ERROR: command failed at line 21 with exit code 128
[2026-04-25 21:16:58] Supervisor exited with error code 128.
[2026-04-25 21:17:08] paper_search_server supervisor starting
[2026-04-25 21:17:08] Repo: /Users/xinzhang/daily_paper
[2026-04-25 21:17:08] Watching: origin/main
[2026-04-25 21:17:08] Interval: 600s
[2026-04-25 21:17:08] Port: 5001
[2026-04-25 21:17:08] Initial fetch...
[2026-04-25 21:17:09] Baseline remote hash: eca02b2048eea5f89f6e89c3e20d077c8b2bb2d9
[2026-04-25 21:17:09] ===== Restart begin =====
[2026-04-25 21:17:09] git pull --ff-only
Already up to date.
[2026-04-25 21:17:10] Step 1/2: rebuild_faiss (rebuild vector index)
[2026-04-25 21:17:11] WARNING: rebuild_faiss.py failed (non-fatal), continuing...
[2026-04-25 21:17:11] Step 2/2: wiki_build (agent builds wiki)
[2026-04-25 21:17:11] All papers in wiki/raw/ already processed — skipping build.
[2026-04-25 21:17:11] Starting server in background...
[2026-04-25 21:17:13] Server started. PID=3880
[2026-04-25 21:17:13] Server log: /tmp/paper_search_server.log
[2026-04-25 21:17:13] ===== Restart done =====
[2026-04-25 21:22:55] paper_search_server supervisor starting
[2026-04-25 21:22:55] Repo: /Users/xinzhang/daily_paper
[2026-04-25 21:22:55] Watching: origin/main
[2026-04-25 21:22:55] Interval: 600s
[2026-04-25 21:22:55] Port: 5001
[2026-04-25 21:22:55] Initial fetch...
[2026-04-25 21:22:56] Baseline remote hash: eca02b2048eea5f89f6e89c3e20d077c8b2bb2d9
[2026-04-25 21:22:56] ===== Restart begin =====
[2026-04-25 21:22:56] git pull --ff-only
Already up to date.
[2026-04-25 21:22:57] Step 1/2: rebuild_faiss (rebuild vector index)
[2026-04-25 21:22:57] WARNING: rebuild_faiss.py failed (non-fatal), continuing...
[2026-04-25 21:22:57] Step 2/2: wiki_build (agent builds wiki)
[2026-04-25 21:22:57] All papers in wiki/raw/ already processed — skipping build.
[2026-04-25 21:22:57] Starting server in background...
[2026-04-25 21:22:59] Server started. PID=9060
[2026-04-25 21:22:59] Server log: /tmp/paper_search_server.log
[2026-04-25 21:22:59] ===== Restart done =====
[2026-04-25 21:33:00] Checking remote updates...
[2026-04-25 21:43:00] Checking remote updates...
[2026-04-25 21:53:01] Checking remote updates...
[2026-04-25 22:03:02] Checking remote updates...
[2026-04-25 22:13:03] Checking remote updates...
[2026-04-25 22:23:04] Checking remote updates...
[2026-04-25 22:33:05] Checking remote updates...
[2026-04-25 22:43:06] Checking remote updates...
[2026-04-25 22:53:07] Checking remote updates...
[2026-04-25 23:03:08] Checking remote updates...
[2026-04-25 23:13:09] Checking remote updates...
[2026-04-25 23:23:10] Checking remote updates...
[2026-04-25 23:33:11] Checking remote updates...
[2026-04-25 23:43:12] Checking remote updates...
[2026-04-25 23:53:13] Checking remote updates...
[2026-04-26 00:03:14] Checking remote updates...
[2026-04-26 00:13:15] Checking remote updates...
[2026-04-26 00:23:16] Checking remote updates...
[2026-04-26 00:33:17] Checking remote updates...
[2026-04-26 00:43:18] Checking remote updates...
[2026-04-26 00:53:19] Checking remote updates...
[2026-04-26 01:03:20] Checking remote updates...
[2026-04-26 01:13:21] Checking remote updates...
[2026-04-26 01:23:21] Checking remote updates...
[2026-04-26 01:33:22] Checking remote updates...
[2026-04-26 01:43:23] Checking remote updates...
[2026-04-26 01:53:24] Checking remote updates...
[2026-04-26 02:03:25] Checking remote updates...
[2026-04-26 02:13:26] Checking remote updates...
[2026-04-26 02:23:27] Checking remote updates...
[2026-04-26 02:33:28] Checking remote updates...
[2026-04-26 02:43:29] Checking remote updates...
[2026-04-26 02:53:30] Checking remote updates...
[2026-04-26 03:03:31] Checking remote updates...
[2026-04-26 03:13:32] Checking remote updates...
[2026-04-26 03:23:33] Checking remote updates...
[2026-04-26 03:33:34] Checking remote updates...
[2026-04-26 03:43:35] Checking remote updates...
[2026-04-26 03:53:36] Checking remote updates...
[2026-04-26 04:03:37] Checking remote updates...
[2026-04-26 04:13:39] Checking remote updates...
[2026-04-26 04:23:40] Checking remote updates...
[2026-04-26 04:33:40] Checking remote updates...
[2026-04-26 04:43:41] Checking remote updates...
[2026-04-26 04:53:42] Checking remote updates...
[2026-04-26 05:03:43] Checking remote updates...
[2026-04-26 05:13:44] Checking remote updates...
[2026-04-26 05:23:45] Checking remote updates...
[2026-04-26 05:33:46] Checking remote updates...
[2026-04-26 05:43:47] Checking remote updates...
[2026-04-26 05:53:48] Checking remote updates...
[2026-04-26 06:03:49] Checking remote updates...
[2026-04-26 06:13:50] Checking remote updates...
[2026-04-26 06:23:51] Checking remote updates...
[2026-04-26 06:33:52] Checking remote updates...
[2026-04-26 06:43:53] Checking remote updates...
[2026-04-26 06:53:54] Checking remote updates...
[2026-04-26 07:03:55] Checking remote updates...
[2026-04-26 07:13:56] Checking remote updates...
[2026-04-26 07:23:57] Checking remote updates...
[2026-04-26 07:33:58] Checking remote updates...
[2026-04-26 07:43:59] Checking remote updates...
[2026-04-26 07:54:00] Checking remote updates...
[2026-04-26 08:04:00] Checking remote updates...
[2026-04-26 08:14:01] Checking remote updates...
[2026-04-26 08:24:02] Checking remote updates...
[2026-04-26 08:34:03] Checking remote updates...
[2026-04-26 08:44:04] Checking remote updates...
[2026-04-26 08:54:05] Checking remote updates...
[2026-04-26 09:04:06] Checking remote updates...
[2026-04-26 09:14:07] Checking remote updates...
[2026-04-26 09:24:08] Checking remote updates...
[2026-04-26 09:34:09] Checking remote updates...
[2026-04-26 09:44:10] Checking remote updates...
[2026-04-26 09:54:11] Checking remote updates...
[2026-04-26 10:04:12] Checking remote updates...
[2026-04-26 10:14:13] Checking remote updates...
[2026-04-26 10:24:14] Checking remote updates...
[2026-04-26 10:34:15] Checking remote updates...
[2026-04-26 10:44:16] Checking remote updates...
[2026-04-26 10:54:17] Checking remote updates...
[2026-04-26 11:04:18] Checking remote updates...
[2026-04-26 11:14:19] Checking remote updates...
[2026-04-26 11:24:20] Checking remote updates...
[2026-04-26 11:34:21] Checking remote updates...
[2026-04-26 11:44:22] Checking remote updates...
[2026-04-26 11:54:23] Checking remote updates...
[2026-04-26 12:04:24] Checking remote updates...
[2026-04-26 12:14:25] Checking remote updates...
[2026-04-26 12:24:26] Checking remote updates...
[2026-04-26 12:34:27] Checking remote updates...
[2026-04-26 12:44:27] Checking remote updates...
[2026-04-26 12:54:28] Checking remote updates...
[2026-04-26 13:04:29] Checking remote updates...
[2026-04-26 13:14:30] Checking remote updates...
[2026-04-26 13:24:31] Checking remote updates...
[2026-04-26 13:34:32] Checking remote updates...
[2026-04-26 13:44:33] Checking remote updates...
[2026-04-26 13:54:34] Checking remote updates...
[2026-04-26 14:04:35] Checking remote updates...
[2026-04-26 14:14:36] Checking remote updates...
[2026-04-26 14:24:37] Checking remote updates...
[2026-04-26 14:34:38] Checking remote updates...
[2026-04-26 14:44:39] Checking remote updates...
[2026-04-26 14:54:40] Checking remote updates...
[2026-04-26 15:04:41] Checking remote updates...
[2026-04-26 15:14:42] Checking remote updates...
[2026-04-26 15:24:42] Checking remote updates...
[2026-04-26 17:41:09] paper_search_server supervisor starting
[2026-04-26 17:41:09] Repo: /Users/xinzhang/daily_paper
[2026-04-26 17:41:09] Watching: origin/main
[2026-04-26 17:41:09] Interval: 600s
[2026-04-26 17:41:09] Port: 5001
[2026-04-26 17:41:09] Initial fetch...
[2026-04-26 17:41:13] Baseline remote hash: eca02b2048eea5f89f6e89c3e20d077c8b2bb2d9
[2026-04-26 17:41:13] ===== Restart begin =====
[2026-04-26 17:41:13] git pull --ff-only
Already up to date.
[2026-04-26 17:41:14] Step 1/2: rebuild_faiss (rebuild vector index)
[2026-04-26 17:41:16] WARNING: rebuild_faiss.py failed (non-fatal), continuing...
[2026-04-26 17:41:16] Step 2/2: wiki_build (agent builds wiki)
[2026-04-26 17:41:16] All papers in wiki/raw/ already processed — skipping build.
[2026-04-26 17:41:16] Starting server in background...
[2026-04-26 17:41:18] Server started. PID=3765
[2026-04-26 17:41:18] Server log: /tmp/paper_search_server.log
[2026-04-26 17:41:18] ===== Restart done =====
[2026-04-26 17:51:18] Checking remote updates...
[2026-04-26 18:01:19] Checking remote updates...
[2026-04-26 18:11:20] Checking remote updates...
[2026-04-26 18:21:21] Checking remote updates...
[2026-04-26 18:31:21] Checking remote updates...
[2026-04-26 18:41:22] Checking remote updates...
[2026-04-26 18:51:23] Checking remote updates...
[2026-04-26 19:01:24] Checking remote updates...
[2026-04-26 19:11:25] Checking remote updates...
[2026-04-26 19:21:26] Checking remote updates...
[2026-04-26 19:31:27] Checking remote updates...
[2026-04-26 19:41:28] Checking remote updates...
[2026-04-26 19:51:29] Checking remote updates...
[2026-04-26 20:01:30] Checking remote updates...
[2026-04-26 20:11:31] Checking remote updates...
[2026-04-26 20:21:32] Checking remote updates...
[2026-04-26 20:31:32] Checking remote updates...
[2026-04-26 20:41:33] Checking remote updates...
[2026-04-26 20:51:34] Checking remote updates...
[2026-04-26 21:01:35] Checking remote updates...
[2026-04-26 21:11:36] Checking remote updates...
[2026-04-26 21:21:37] Checking remote updates...
[2026-04-26 21:31:37] Checking remote updates...
[2026-04-26 21:41:38] Checking remote updates...
[2026-04-26 21:51:39] Checking remote updates...
[2026-04-26 22:01:40] Checking remote updates...
[2026-04-26 22:11:43] Checking remote updates...
[2026-04-26 22:21:44] Checking remote updates...
[2026-04-26 22:31:45] Checking remote updates...
[2026-04-26 22:41:46] Checking remote updates...
[2026-04-26 22:51:47] Checking remote updates...
[2026-04-26 23:01:48] Checking remote updates...
[2026-04-26 23:11:49] Checking remote updates...
[2026-04-26 23:21:50] Checking remote updates...
[2026-04-26 23:31:51] Checking remote updates...
[2026-04-26 23:41:51] Checking remote updates...
[2026-04-26 23:51:52] Checking remote updates...
[2026-04-27 00:01:53] Checking remote updates...
[2026-04-27 00:11:54] Checking remote updates...
[2026-04-27 00:21:55] Checking remote updates...
[2026-04-27 00:31:56] Checking remote updates...
[2026-04-27 00:41:57] Checking remote updates...
[2026-04-27 00:51:58] Checking remote updates...
[2026-04-27 01:01:59] Checking remote updates...
[2026-04-27 01:12:00] Checking remote updates...
[2026-04-27 01:22:01] Checking remote updates...
[2026-04-27 01:32:02] Checking remote updates...
[2026-04-27 01:42:03] Checking remote updates...
[2026-04-27 01:52:04] Checking remote updates...
[2026-04-27 02:02:05] Checking remote updates...
[2026-04-27 02:12:06] Checking remote updates...
[2026-04-27 02:22:06] Checking remote updates...
[2026-04-27 02:32:07] Checking remote updates...
[2026-04-27 02:42:08] Checking remote updates...
[2026-04-27 02:52:09] Checking remote updates...
[2026-04-27 03:02:10] Checking remote updates...
[2026-04-27 03:12:11] Checking remote updates...
[2026-04-27 03:22:12] Checking remote updates...
[2026-04-27 03:32:13] Checking remote updates...
[2026-04-27 03:42:14] Checking remote updates...
[2026-04-27 03:52:15] Checking remote updates...
[2026-04-27 04:02:16] Checking remote updates...
[2026-04-27 04:12:17] Checking remote updates...
[2026-04-27 04:22:18] Checking remote updates...
[2026-04-27 04:32:18] Checking remote updates...
[2026-04-27 04:42:19] Checking remote updates...
[2026-04-27 04:52:20] Checking remote updates...
[2026-04-27 05:02:21] Checking remote updates...
[2026-04-27 05:12:22] Checking remote updates...
[2026-04-27 05:22:23] Checking remote updates...
[2026-04-27 05:32:24] Checking remote updates...
[2026-04-27 05:42:25] Checking remote updates...
[2026-04-27 05:52:26] Checking remote updates...
[2026-04-27 06:02:27] Checking remote updates...
[2026-04-27 06:12:28] Checking remote updates...
[2026-04-27 06:22:29] Checking remote updates...
[2026-04-27 06:32:30] Checking remote updates...
[2026-04-27 06:42:31] Checking remote updates...
[2026-04-27 06:42:32] Remote update detected: eca02b2048eea5f89f6e89c3e20d077c8b2bb2d9 -> 7ce016ed486748f451149b08b45b0128a30836e9
[2026-04-27 06:42:32] ===== Restart begin =====
[2026-04-27 06:42:32] Stopping server PID=3765
[2026-04-27 06:42:33] Server stopped.
[2026-04-27 06:42:33] git pull --ff-only
Updating eca02b2..7ce016e
Fast-forward
 dailies/pages/2026-04-27.html | 1798 +++++++++++++++++++++++++++++++++++++++++
 dailies/tips/2026-04-27.json  |    1 +
 index.html                    |    9 +-
 summaries.jsonl               |    3 +
 4 files changed, 1807 insertions(+), 4 deletions(-)
 create mode 100644 dailies/pages/2026-04-27.html
 create mode 100644 dailies/tips/2026-04-27.json
[2026-04-27 06:42:34] Step 1/2: rebuild_faiss (rebuild vector index)
[2026-04-27 06:42:34] WARNING: rebuild_faiss.py failed (non-fatal), continuing...
[2026-04-27 06:42:34] Step 2/2: wiki_build (agent builds wiki)
[2026-04-27 06:42:34] All papers in wiki/raw/ already processed — skipping build.
[2026-04-27 06:42:34] Starting server in background...
[2026-04-27 06:42:37] Server started. PID=54460
[2026-04-27 06:42:37] Server log: /tmp/paper_search_server.log
[2026-04-27 06:42:37] ===== Restart done =====
[2026-04-27 06:52:37] Checking remote updates...
[2026-04-27 07:02:38] Checking remote updates...
[2026-04-27 07:12:39] Checking remote updates...
[2026-04-27 07:22:40] Checking remote updates...
[2026-04-27 07:32:40] Checking remote updates...
[2026-04-27 07:42:41] Checking remote updates...
[2026-04-27 07:52:42] Checking remote updates...
[2026-04-27 08:02:43] Checking remote updates...
[2026-04-27 08:12:44] Checking remote updates...
[2026-04-27 08:22:45] Checking remote updates...
[2026-04-27 08:32:46] Checking remote updates...
[2026-04-27 08:42:47] Checking remote updates...
[2026-04-27 08:52:48] Checking remote updates...
[2026-04-27 09:02:49] Checking remote updates...
[2026-04-27 09:12:50] Checking remote updates...
[2026-04-27 09:22:51] Checking remote updates...
[2026-04-27 09:32:52] Checking remote updates...
[2026-04-27 09:42:53] Checking remote updates...
[2026-04-27 09:52:53] Checking remote updates...
[2026-04-27 10:02:54] Checking remote updates...
[2026-04-27 10:12:55] Checking remote updates...
[2026-04-27 10:22:56] Checking remote updates...
[2026-04-27 10:32:57] Checking remote updates...
[2026-04-27 10:42:58] Checking remote updates...
[2026-04-27 10:52:59] Checking remote updates...
[2026-04-27 11:03:00] Checking remote updates...
[2026-04-27 11:13:01] Checking remote updates...
[2026-04-27 11:23:02] Checking remote updates...
[2026-04-27 11:33:03] Checking remote updates...
[2026-04-27 11:43:04] Checking remote updates...
[2026-04-27 11:53:05] Checking remote updates...
[2026-04-27 12:03:06] Checking remote updates...
[2026-04-27 12:13:07] Checking remote updates...
[2026-04-27 12:23:08] Checking remote updates...
[2026-04-27 12:33:09] Checking remote updates...
[2026-04-27 12:43:09] Checking remote updates...
[2026-04-27 12:53:10] Checking remote updates...
[2026-04-27 13:03:11] Checking remote updates...
[2026-04-27 13:13:12] Checking remote updates...
[2026-04-27 13:23:13] Checking remote updates...
[2026-04-27 13:33:14] Checking remote updates...
[2026-04-27 13:43:15] Checking remote updates...
[2026-04-27 13:53:16] Checking remote updates...
[2026-04-27 14:03:17] Checking remote updates...
[2026-04-27 14:13:17] Checking remote updates...
[2026-04-27 14:23:18] Checking remote updates...
[2026-04-27 14:33:19] Checking remote updates...
[2026-04-27 14:43:20] Checking remote updates...
[2026-04-27 14:53:21] Checking remote updates...
[2026-04-27 15:03:22] Checking remote updates...
[2026-04-27 15:13:23] Checking remote updates...
[2026-04-27 15:23:24] Checking remote updates...
[2026-04-27 15:33:25] Checking remote updates...
[2026-04-27 15:43:26] Checking remote updates...
[2026-04-27 15:53:27] Checking remote updates...
[2026-04-27 16:03:28] Checking remote updates...
[2026-04-27 16:13:29] Checking remote updates...
[2026-04-27 16:23:29] Checking remote updates...
[2026-04-27 16:33:30] Checking remote updates...
[2026-04-27 16:43:31] Checking remote updates...
[2026-04-27 16:53:32] Checking remote updates...
[2026-04-27 17:03:33] Checking remote updates...
[2026-04-27 17:13:34] Checking remote updates...
[2026-04-27 17:23:35] Checking remote updates...
[2026-04-27 17:33:36] Checking remote updates...
[2026-04-27 17:43:37] Checking remote updates...
[2026-04-27 17:53:38] Checking remote updates...
[2026-04-27 18:03:39] Checking remote updates...
[2026-04-27 18:13:39] Checking remote updates...
[2026-04-27 18:23:40] Checking remote updates...
[2026-04-27 18:33:41] Checking remote updates...
[2026-04-27 18:43:42] Checking remote updates...
[2026-04-27 18:53:43] Checking remote updates...
[2026-04-27 19:03:44] Checking remote updates...
[2026-04-27 19:13:45] Checking remote updates...
[2026-04-27 19:23:46] Checking remote updates...
[2026-04-27 19:33:47] Checking remote updates...
[2026-04-27 19:43:48] Checking remote updates...
[2026-04-27 19:53:49] Checking remote updates...
[2026-04-27 20:03:50] Checking remote updates...
[2026-04-27 20:13:51] Checking remote updates...
[2026-04-27 20:23:51] Checking remote updates...
[2026-04-27 20:33:52] Checking remote updates...
[2026-04-27 20:43:53] Checking remote updates...
[2026-04-27 20:53:54] Checking remote updates...
[2026-04-27 21:03:55] Checking remote updates...
[2026-04-27 21:13:56] Checking remote updates...
[2026-04-27 21:23:57] Checking remote updates...
[2026-04-27 21:33:58] Checking remote updates...
[2026-04-27 21:43:59] Checking remote updates...
[2026-04-27 21:54:00] Checking remote updates...
[2026-04-27 22:04:01] Checking remote updates...
[2026-04-27 22:14:02] Checking remote updates...
[2026-04-27 22:24:02] Checking remote updates...
[2026-04-27 22:34:03] Checking remote updates...
[2026-04-27 22:44:04] Checking remote updates...
[2026-04-27 22:54:05] Checking remote updates...
[2026-04-27 23:04:06] Checking remote updates...
[2026-04-27 23:14:07] Checking remote updates...
[2026-04-27 23:24:08] Checking remote updates...
[2026-04-27 23:34:09] Checking remote updates...
[2026-04-27 23:44:10] Checking remote updates...
[2026-04-27 23:54:11] Checking remote updates...
[2026-04-28 00:04:12] Checking remote updates...
[2026-04-28 00:14:13] Checking remote updates...
[2026-04-28 00:24:13] Checking remote updates...
[2026-04-28 00:34:14] Checking remote updates...
[2026-04-28 00:44:15] Checking remote updates...
[2026-04-28 00:54:16] Checking remote updates...
[2026-04-28 01:04:17] Checking remote updates...
[2026-04-28 01:14:18] Checking remote updates...
[2026-04-28 01:24:19] Checking remote updates...
[2026-04-28 01:34:20] Checking remote updates...
[2026-04-28 01:44:21] Checking remote updates...
[2026-04-28 01:54:22] Checking remote updates...
[2026-04-28 02:04:24] Checking remote updates...
[2026-04-28 02:14:25] Checking remote updates...
[2026-04-28 02:24:26] Checking remote updates...
[2026-04-28 02:34:27] Checking remote updates...
[2026-04-28 02:44:28] Checking remote updates...
[2026-04-28 02:54:29] Checking remote updates...
[2026-04-28 03:04:30] Checking remote updates...
[2026-04-28 03:14:31] Checking remote updates...
[2026-04-28 03:24:32] Checking remote updates...
[2026-04-28 03:34:33] Checking remote updates...
[2026-04-28 03:44:34] Checking remote updates...
[2026-04-28 03:54:35] Checking remote updates...
[2026-04-28 04:04:35] Checking remote updates...
[2026-04-28 04:14:36] Checking remote updates...
[2026-04-28 04:24:37] Checking remote updates...
[2026-04-28 04:34:38] Checking remote updates...
[2026-04-28 04:44:39] Checking remote updates...
[2026-04-28 04:54:40] Checking remote updates...
[2026-04-28 05:04:41] Checking remote updates...
[2026-04-28 05:14:42] Checking remote updates...
[2026-04-28 05:24:43] Checking remote updates...
[2026-04-28 05:34:44] Checking remote updates...
[2026-04-28 05:44:45] Checking remote updates...
[2026-04-28 05:54:46] Checking remote updates...
[2026-04-28 06:04:47] Checking remote updates...
[2026-04-28 06:14:48] Checking remote updates...
[2026-04-28 06:24:49] Checking remote updates...
[2026-04-28 06:34:50] Checking remote updates...
[2026-04-28 06:44:51] Checking remote updates...
[2026-04-28 06:44:52] Remote update detected: 7ce016ed486748f451149b08b45b0128a30836e9 -> b0cf10ad148118227d0b04d95e5c760fca43f366
[2026-04-28 06:44:52] ===== Restart begin =====
[2026-04-28 06:44:52] Stopping server PID=54460
[2026-04-28 06:44:53] Server stopped.
[2026-04-28 06:44:53] git pull --ff-only
Updating 7ce016e..b0cf10a
Fast-forward
 dailies/pages/2026-04-28.html | 1751 +++++++++++++++++++++++++++++++++++++++++
 dailies/tips/2026-04-28.json  |    1 +
 index.html                    |    9 +-
 summaries.jsonl               |    6 +
 4 files changed, 1763 insertions(+), 4 deletions(-)
 create mode 100644 dailies/pages/2026-04-28.html
 create mode 100644 dailies/tips/2026-04-28.json
[2026-04-28 06:44:54] Step 1/2: rebuild_faiss (rebuild vector index)
[2026-04-28 06:44:55] WARNING: rebuild_faiss.py failed (non-fatal), continuing...
[2026-04-28 06:44:55] Step 2/2: wiki_build (agent builds wiki)
[2026-04-28 06:44:55] All papers in wiki/raw/ already processed — skipping build.
[2026-04-28 06:44:55] Starting server in background...
[2026-04-28 06:44:57] Server started. PID=37516
[2026-04-28 06:44:57] Server log: /tmp/paper_search_server.log
[2026-04-28 06:44:57] ===== Restart done =====
[2026-04-28 06:54:57] Checking remote updates...
[2026-04-28 07:04:58] Checking remote updates...
[2026-04-28 07:14:59] Checking remote updates...
[2026-04-28 07:25:00] Checking remote updates...
[2026-04-28 07:35:01] Checking remote updates...
[2026-04-28 07:45:02] Checking remote updates...
[2026-04-28 07:55:04] Checking remote updates...
[2026-04-28 08:05:05] Checking remote updates...
[2026-04-28 08:15:06] Checking remote updates...
[2026-04-28 08:25:08] Checking remote updates...
[2026-04-28 08:35:09] Checking remote updates...
[2026-04-28 08:45:09] Checking remote updates...
[2026-04-28 08:55:11] Checking remote updates...
[2026-04-28 09:05:12] Checking remote updates...
[2026-04-28 09:15:13] Checking remote updates...
[2026-04-28 09:25:14] Checking remote updates...
[2026-04-28 09:35:15] Checking remote updates...
[2026-04-28 09:45:16] Checking remote updates...
[2026-04-28 09:55:18] Checking remote updates...
[2026-04-28 10:05:19] Checking remote updates...
[2026-04-28 10:15:20] Checking remote updates...
[2026-04-28 10:25:21] Checking remote updates...
[2026-04-28 10:35:22] Checking remote updates...
[2026-04-28 10:45:23] Checking remote updates...
[2026-04-28 10:55:24] Checking remote updates...
[2026-04-28 11:05:25] Checking remote updates...
[2026-04-28 11:15:26] Checking remote updates...
[2026-04-28 11:25:27] Checking remote updates...
[2026-04-28 11:35:28] Checking remote updates...
[2026-04-28 11:45:29] Checking remote updates...
[2026-04-28 11:55:31] Checking remote updates...
[2026-04-28 12:05:32] Checking remote updates...
[2026-04-28 12:15:33] Checking remote updates...
[2026-04-28 12:25:34] Checking remote updates...
[2026-04-28 12:35:35] Checking remote updates...
[2026-04-28 12:45:36] Checking remote updates...
[2026-04-28 12:55:37] Checking remote updates...
[2026-04-28 13:05:38] Checking remote updates...
[2026-04-28 13:15:39] Checking remote updates...
[2026-04-28 13:25:40] Checking remote updates...
[2026-04-28 13:35:42] Checking remote updates...
[2026-04-28 13:45:42] Checking remote updates...
[2026-04-28 13:55:44] Checking remote updates...
[2026-04-28 14:05:45] Checking remote updates...
[2026-04-28 14:15:46] Checking remote updates...
[2026-04-28 14:25:47] Checking remote updates...
[2026-04-28 14:35:48] Checking remote updates...
[2026-04-28 14:45:49] Checking remote updates...
[2026-04-28 14:55:50] Checking remote updates...
[2026-04-28 15:05:51] Checking remote updates...
[2026-04-28 15:15:52] Checking remote updates...
[2026-04-28 15:25:54] Checking remote updates...
[2026-04-28 15:35:55] Checking remote updates...
[2026-04-28 15:45:56] Checking remote updates...
[2026-04-28 15:55:57] Checking remote updates...
[2026-04-28 16:05:58] Checking remote updates...
[2026-04-28 16:16:00] Checking remote updates...
[2026-04-28 16:26:01] Checking remote updates...
[2026-04-28 16:36:02] Checking remote updates...
[2026-04-28 16:46:03] Checking remote updates...
[2026-04-28 16:56:04] Checking remote updates...
[2026-04-28 17:06:05] Checking remote updates...
[2026-04-28 17:16:06] Checking remote updates...
[2026-04-28 17:26:07] Checking remote updates...
[2026-04-28 17:36:08] Checking remote updates...
[2026-04-28 17:46:09] Checking remote updates...
[2026-04-28 17:56:11] Checking remote updates...
[2026-04-28 18:06:12] Checking remote updates...
[2026-04-28 18:16:13] Checking remote updates...
[2026-04-28 18:26:13] Checking remote updates...
[2026-04-28 18:36:14] Checking remote updates...
[2026-04-28 18:46:15] Checking remote updates...
[2026-04-28 18:56:16] Checking remote updates...
[2026-04-28 19:06:17] Checking remote updates...
[2026-04-28 19:16:18] Checking remote updates...
[2026-04-28 19:26:19] Checking remote updates...
[2026-04-28 19:36:20] Checking remote updates...
[2026-04-28 19:46:21] Checking remote updates...
[2026-04-28 19:56:22] Checking remote updates...
[2026-04-28 20:06:23] Checking remote updates...
[2026-04-28 20:16:24] Checking remote updates...
[2026-04-28 20:26:25] Checking remote updates...
[2026-04-28 20:36:26] Checking remote updates...
[2026-04-28 20:46:26] Checking remote updates...
[2026-04-28 20:56:27] Checking remote updates...
[2026-04-28 21:06:28] Checking remote updates...
[2026-04-28 21:16:29] Checking remote updates...
[2026-04-28 21:26:30] Checking remote updates...
[2026-04-28 21:36:31] Checking remote updates...
[2026-04-28 21:46:32] Checking remote updates...
[2026-04-28 21:56:33] Checking remote updates...
[2026-04-28 22:06:34] Checking remote updates...
[2026-04-28 22:16:35] Checking remote updates...
[2026-04-28 22:26:36] Checking remote updates...
[2026-04-28 22:36:36] Checking remote updates...
[2026-04-28 22:46:37] Checking remote updates...
[2026-04-28 22:56:38] Checking remote updates...
[2026-04-28 23:06:39] Checking remote updates...
[2026-04-28 23:16:40] Checking remote updates...
[2026-04-28 23:26:41] Checking remote updates...
[2026-04-28 23:36:42] Checking remote updates...
[2026-04-28 23:46:43] Checking remote updates...
[2026-04-28 23:56:44] Checking remote updates...
[2026-04-29 00:06:45] Checking remote updates...
[2026-04-29 00:16:46] Checking remote updates...
[2026-04-29 00:26:47] Checking remote updates...
[2026-04-29 00:36:48] Checking remote updates...
[2026-04-29 00:46:49] Checking remote updates...
[2026-04-29 00:56:50] Checking remote updates...
[2026-04-29 01:06:52] Checking remote updates...
[2026-04-29 01:16:52] Checking remote updates...
[2026-04-29 01:26:53] Checking remote updates...
[2026-04-29 01:36:54] Checking remote updates...
[2026-04-29 01:46:55] Checking remote updates...
[2026-04-29 01:56:56] Checking remote updates...
[2026-04-29 02:06:57] Checking remote updates...
[2026-04-29 02:16:58] Checking remote updates...
[2026-04-29 02:26:59] Checking remote updates...
[2026-04-29 02:37:01] Checking remote updates...
[2026-04-29 02:47:02] Checking remote updates...
[2026-04-29 02:57:02] Checking remote updates...
[2026-04-29 03:07:04] Checking remote updates...
[2026-04-29 03:17:05] Checking remote updates...
[2026-04-29 03:27:06] Checking remote updates...
[2026-04-29 03:37:07] Checking remote updates...
[2026-04-29 03:47:08] Checking remote updates...
[2026-04-29 03:57:09] Checking remote updates...
[2026-04-29 04:07:10] Checking remote updates...
[2026-04-29 04:17:11] Checking remote updates...
[2026-04-29 04:27:12] Checking remote updates...
[2026-04-29 04:37:13] Checking remote updates...
[2026-04-29 04:47:13] Checking remote updates...
[2026-04-29 04:57:14] Checking remote updates...
[2026-04-29 05:07:15] Checking remote updates...
[2026-04-29 05:17:16] Checking remote updates...
[2026-04-29 05:27:17] Checking remote updates...
[2026-04-29 05:37:18] Checking remote updates...
[2026-04-29 05:47:19] Checking remote updates...
[2026-04-29 05:57:20] Checking remote updates...
[2026-04-29 06:07:21] Checking remote updates...
[2026-04-29 06:17:22] Checking remote updates...
[2026-04-29 06:27:23] Checking remote updates...
[2026-04-29 06:37:24] Checking remote updates...
[2026-04-29 06:47:25] Checking remote updates...
[2026-04-29 06:47:26] Remote update detected: b0cf10ad148118227d0b04d95e5c760fca43f366 -> f99e58f0ac87bdd46af773a1694ea0e2d0641adb
[2026-04-29 06:47:26] ===== Restart begin =====
[2026-04-29 06:47:26] Stopping server PID=37516
[2026-04-29 06:47:27] Server stopped.
[2026-04-29 06:47:27] git pull --ff-only
Updating b0cf10a..f99e58f
Fast-forward
 dailies/pages/2026-04-29.html | 1642 +++++++++++++++++++++++++++++++++++++++++
 dailies/tips/2026-04-29.json  |    1 +
 index.html                    |    9 +-
 summaries.jsonl               |    4 +
 4 files changed, 1652 insertions(+), 4 deletions(-)
 create mode 100644 dailies/pages/2026-04-29.html
 create mode 100644 dailies/tips/2026-04-29.json
[2026-04-29 06:47:28] Step 1/2: rebuild_faiss (rebuild vector index)
[2026-04-29 06:47:29] WARNING: rebuild_faiss.py failed (non-fatal), continuing...
[2026-04-29 06:47:29] Step 2/2: wiki_build (agent builds wiki)
[2026-04-29 06:47:29] All papers in wiki/raw/ already processed — skipping build.
[2026-04-29 06:47:29] Starting server in background...
[2026-04-29 06:47:32] Server started. PID=4759
[2026-04-29 06:47:32] Server log: /tmp/paper_search_server.log
[2026-04-29 06:47:32] ===== Restart done =====
[2026-04-29 06:57:32] Checking remote updates...
[2026-04-29 07:07:33] Checking remote updates...
[2026-04-29 07:17:33] Checking remote updates...
[2026-04-29 07:27:34] Checking remote updates...
[2026-04-29 07:37:35] Checking remote updates...
[2026-04-29 07:47:36] Checking remote updates...
[2026-04-29 07:57:37] Checking remote updates...
[2026-04-29 08:07:38] Checking remote updates...
[2026-04-29 08:17:39] Checking remote updates...
[2026-04-29 08:27:40] Checking remote updates...
[2026-04-29 08:37:41] Checking remote updates...
[2026-04-29 08:47:42] Checking remote updates...
[2026-04-29 08:57:43] Checking remote updates...
[2026-04-29 09:07:43] Checking remote updates...
[2026-04-29 09:17:44] Checking remote updates...
[2026-04-29 09:27:45] Checking remote updates...
[2026-04-29 09:37:46] Checking remote updates...
[2026-04-29 09:47:47] Checking remote updates...
[2026-04-29 09:57:48] Checking remote updates...
[2026-04-29 10:07:49] Checking remote updates...
[2026-04-29 10:17:50] Checking remote updates...
[2026-04-29 10:27:51] Checking remote updates...
[2026-04-29 10:37:51] Checking remote updates...
[2026-04-29 10:47:52] Checking remote updates...
[2026-04-29 10:57:53] Checking remote updates...
[2026-04-29 11:07:54] Checking remote updates...
[2026-04-29 11:17:55] Checking remote updates...
[2026-04-29 11:27:56] Checking remote updates...
[2026-04-29 11:37:57] Checking remote updates...
[2026-04-29 11:47:58] Checking remote updates...
[2026-04-29 11:57:59] Checking remote updates...
[2026-04-29 12:08:00] Checking remote updates...
[2026-04-29 12:18:01] Checking remote updates...
[2026-04-29 12:28:02] Checking remote updates...
[2026-04-29 12:38:03] Checking remote updates...
[2026-04-29 12:48:04] Checking remote updates...
[2026-04-29 12:58:05] Checking remote updates...
[2026-04-29 13:08:06] Checking remote updates...
[2026-04-29 13:18:07] Checking remote updates...
[2026-04-29 13:28:08] Checking remote updates...
[2026-04-29 13:38:09] Checking remote updates...
[2026-04-29 13:48:10] Checking remote updates...
[2026-04-29 13:58:11] Checking remote updates...
[2026-04-29 14:08:12] Checking remote updates...
[2026-04-29 14:18:12] Checking remote updates...
[2026-04-29 14:28:13] Checking remote updates...
[2026-04-29 14:38:14] Checking remote updates...
[2026-04-29 14:48:15] Checking remote updates...
[2026-04-29 14:58:16] Checking remote updates...
[2026-04-29 15:08:17] Checking remote updates...
[2026-04-29 15:18:18] Checking remote updates...
[2026-04-29 15:28:19] Checking remote updates...
[2026-04-29 15:38:20] Checking remote updates...
[2026-04-29 15:48:21] Checking remote updates...
[2026-04-29 15:58:22] Checking remote updates...
[2026-04-29 16:08:23] Checking remote updates...
[2026-04-29 16:18:24] Checking remote updates...
[2026-04-29 16:28:25] Checking remote updates...
[2026-04-29 16:38:26] Checking remote updates...
[2026-04-29 16:48:27] Checking remote updates...
[2026-04-29 16:58:28] Checking remote updates...
[2026-04-29 17:08:29] Checking remote updates...
[2026-04-29 17:18:30] Checking remote updates...
[2026-04-29 17:28:32] Checking remote updates...
[2026-04-29 17:38:33] Checking remote updates...
[2026-04-29 17:48:34] Checking remote updates...
[2026-04-29 17:58:34] Checking remote updates...
[2026-04-29 18:08:35] Checking remote updates...
[2026-04-29 18:18:36] Checking remote updates...
[2026-04-29 18:28:37] Checking remote updates...
[2026-04-29 18:38:38] Checking remote updates...
[2026-04-29 18:48:39] Checking remote updates...
[2026-04-29 18:58:40] Checking remote updates...
[2026-04-29 19:08:41] Checking remote updates...
[2026-04-29 19:18:42] Checking remote updates...
[2026-04-29 19:28:43] Checking remote updates...
[2026-04-29 19:38:44] Checking remote updates...
[2026-04-29 19:48:45] Checking remote updates...
[2026-04-29 19:58:46] Checking remote updates...
[2026-04-29 20:08:47] Checking remote updates...
[2026-04-29 20:18:48] Checking remote updates...
[2026-04-29 20:28:49] Checking remote updates...
[2026-04-29 20:38:49] Checking remote updates...
[2026-04-29 20:48:50] Checking remote updates...
[2026-04-29 20:58:51] Checking remote updates...
[2026-04-29 21:08:52] Checking remote updates...
[2026-04-29 21:18:53] Checking remote updates...
[2026-04-29 21:28:54] Checking remote updates...
[2026-04-29 21:38:55] Checking remote updates...
[2026-04-29 21:48:55] Checking remote updates...
[2026-04-29 21:58:56] Checking remote updates...
[2026-04-29 22:08:57] Checking remote updates...
[2026-04-29 22:18:58] Checking remote updates...
[2026-04-29 22:28:59] Checking remote updates...
[2026-04-29 22:39:00] Checking remote updates...
[2026-04-29 22:49:01] Checking remote updates...
[2026-04-29 22:59:02] Checking remote updates...
[2026-04-29 23:09:03] Checking remote updates...
[2026-04-29 23:19:04] Checking remote updates...
[2026-04-29 23:29:05] Checking remote updates...
[2026-04-29 23:39:05] Checking remote updates...
[2026-04-29 23:49:06] Checking remote updates...
[2026-04-29 23:59:07] Checking remote updates...
[2026-04-30 00:09:08] Checking remote updates...
[2026-04-30 00:19:09] Checking remote updates...
[2026-04-30 00:29:10] Checking remote updates...
[2026-04-30 00:39:11] Checking remote updates...
[2026-04-30 00:49:12] Checking remote updates...
[2026-04-30 00:59:13] Checking remote updates...
[2026-04-30 01:09:14] Checking remote updates...
[2026-04-30 01:19:15] Checking remote updates...
[2026-04-30 01:29:16] Checking remote updates...
[2026-04-30 01:39:17] Checking remote updates...
[2026-04-30 01:49:18] Checking remote updates...
[2026-04-30 01:59:19] Checking remote updates...
[2026-04-30 02:09:20] Checking remote updates...
[2026-04-30 02:19:21] Checking remote updates...
[2026-04-30 02:29:22] Checking remote updates...
[2026-04-30 02:39:23] Checking remote updates...
[2026-04-30 02:49:24] Checking remote updates...
[2026-04-30 02:59:24] Checking remote updates...
[2026-04-30 03:09:25] Checking remote updates...
[2026-04-30 03:19:26] Checking remote updates...
[2026-04-30 03:29:27] Checking remote updates...
[2026-04-30 03:39:28] Checking remote updates...
[2026-04-30 03:49:29] Checking remote updates...
[2026-04-30 03:59:30] Checking remote updates...
[2026-04-30 04:09:31] Checking remote updates...
[2026-04-30 04:19:32] Checking remote updates...
[2026-04-30 04:29:33] Checking remote updates...
[2026-04-30 04:39:34] Checking remote updates...
[2026-04-30 04:49:35] Checking remote updates...
[2026-04-30 04:59:36] Checking remote updates...
[2026-04-30 05:09:36] Checking remote updates...
[2026-04-30 05:19:37] Checking remote updates...
[2026-04-30 05:29:38] Checking remote updates...
[2026-04-30 05:39:39] Checking remote updates...
[2026-04-30 05:49:40] Checking remote updates...
[2026-04-30 05:59:41] Checking remote updates...
[2026-04-30 06:09:42] Checking remote updates...
[2026-04-30 06:19:43] Checking remote updates...
[2026-04-30 06:29:44] Checking remote updates...
[2026-04-30T06:30:03.294705] Starting Daily Paper
Error: Reached max turns (20)[2026-04-30T06:33:40.940461] Done (exit code 1)
[2026-04-30 06:39:45] Checking remote updates...
[2026-04-30 06:49:46] Checking remote updates...
[2026-04-30 06:49:47] Remote update detected: f99e58f0ac87bdd46af773a1694ea0e2d0641adb -> eee24ffb12efae94acb4a3d17e69deee2bd35cd8
[2026-04-30 06:49:47] ===== Restart begin =====
[2026-04-30 06:49:47] Stopping server PID=4759
[2026-04-30 06:49:48] Server stopped.
[2026-04-30 06:49:48] git pull --ff-only
Updating f99e58f..eee24ff
Fast-forward
 dailies/pages/2026-04-30.html | 1264 +++++++++++++++++++++++++++++++++++++++++
 dailies/tips/2026-04-30.json  |    1 +
 index.html                    |    9 +-
 summaries.jsonl               |    3 +
 4 files changed, 1273 insertions(+), 4 deletions(-)
 create mode 100644 dailies/pages/2026-04-30.html
 create mode 100644 dailies/tips/2026-04-30.json
[2026-04-30 06:49:49] Step 1/2: rebuild_faiss (rebuild vector index)
[2026-04-30 06:49:49] WARNING: rebuild_faiss.py failed (non-fatal), continuing...
[2026-04-30 06:49:49] Step 2/2: wiki_build (agent builds wiki)
[2026-04-30 06:49:50] All papers in wiki/raw/ already processed — skipping build.
[2026-04-30 06:49:50] Starting server in background...
[2026-04-30 06:49:52] Server started. PID=95749
[2026-04-30 06:49:52] Server log: /tmp/paper_search_server.log
[2026-04-30 06:49:52] ===== Restart done =====
[2026-04-30 06:59:52] Checking remote updates...
[2026-04-30 07:09:53] Checking remote updates...
[2026-04-30 07:19:54] Checking remote updates...
[2026-04-30 07:29:55] Checking remote updates...
[2026-04-30 07:39:55] Checking remote updates...
[2026-04-30 07:49:56] Checking remote updates...
[2026-04-30 07:59:57] Checking remote updates...
[2026-04-30 08:09:58] Checking remote updates...
[2026-04-30 08:19:59] Checking remote updates...
[2026-04-30 08:30:00] Checking remote updates...
[2026-04-30 08:40:01] Checking remote updates...
[2026-04-30 08:50:02] Checking remote updates...
[2026-04-30 09:00:03] Checking remote updates...
[2026-04-30 09:10:04] Checking remote updates...
[2026-04-30 09:20:05] Checking remote updates...
[2026-04-30 09:30:06] Checking remote updates...
[2026-04-30 09:40:07] Checking remote updates...
[2026-04-30 09:50:08] Checking remote updates...
[2026-04-30 10:00:08] Checking remote updates...
[2026-04-30 10:10:09] Checking remote updates...
[2026-04-30 10:20:10] Checking remote updates...
[2026-04-30 10:30:11] Checking remote updates...
[2026-04-30 10:40:12] Checking remote updates...
[2026-04-30 10:50:13] Checking remote updates...
[2026-04-30 11:00:14] Checking remote updates...
[2026-04-30 11:10:15] Checking remote updates...
[2026-04-30 11:20:16] Checking remote updates...
[2026-04-30 11:30:17] Checking remote updates...
[2026-04-30 11:40:18] Checking remote updates...
[2026-04-30 11:50:19] Checking remote updates...
[2026-04-30 12:00:20] Checking remote updates...
[2026-04-30 12:10:21] Checking remote updates...
[2026-04-30 12:20:22] Checking remote updates...
[2026-04-30 12:30:23] Checking remote updates...
[2026-04-30 12:40:24] Checking remote updates...
[2026-04-30 12:50:25] Checking remote updates...
[2026-04-30 13:00:26] Checking remote updates...
[2026-04-30 13:10:28] Checking remote updates...
[2026-04-30 13:20:28] Checking remote updates...
[2026-04-30 13:30:29] Checking remote updates...
[2026-04-30 13:40:30] Checking remote updates...
[2026-04-30 13:50:31] Checking remote updates...
[2026-04-30 14:00:32] Checking remote updates...
[2026-04-30 14:10:33] Checking remote updates...
[2026-04-30 14:20:34] Checking remote updates...
[2026-04-30 14:30:35] Checking remote updates...
[2026-04-30 14:40:36] Checking remote updates...
[2026-04-30 14:50:37] Checking remote updates...
[2026-04-30 15:00:38] Checking remote updates...
[2026-04-30 15:10:39] Checking remote updates...
[2026-04-30 15:20:40] Checking remote updates...
[2026-04-30 15:30:41] Checking remote updates...
[2026-04-30 15:40:42] Checking remote updates...
[2026-04-30 15:50:42] Checking remote updates...
[2026-04-30 16:00:43] Checking remote updates...
[2026-04-30 16:10:44] Checking remote updates...
[2026-04-30 16:20:45] Checking remote updates...
[2026-04-30 16:30:46] Checking remote updates...
[2026-04-30 16:40:47] Checking remote updates...
[2026-04-30 16:50:48] Checking remote updates...
[2026-04-30 17:00:49] Checking remote updates...
[2026-04-30 17:10:50] Checking remote updates...
[2026-04-30 17:20:51] Checking remote updates...
[2026-04-30 17:30:52] Checking remote updates...
[2026-04-30 17:40:52] Checking remote updates...
[2026-04-30 17:50:53] Checking remote updates...
[2026-04-30 18:00:54] Checking remote updates...
[2026-04-30 18:10:55] Checking remote updates...
[2026-04-30 18:20:56] Checking remote updates...
[2026-04-30 18:30:57] Checking remote updates...
[2026-04-30 18:40:58] Checking remote updates...
[2026-04-30 18:50:59] Checking remote updates...
[2026-04-30 19:01:00] Checking remote updates...
[2026-04-30 19:11:01] Checking remote updates...
[2026-04-30 19:21:02] Checking remote updates...
[2026-04-30 19:31:03] Checking remote updates...
[2026-04-30 19:41:04] Checking remote updates...
[2026-04-30 19:51:05] Checking remote updates...
[2026-04-30 20:01:06] Checking remote updates...
[2026-04-30 20:11:07] Checking remote updates...
[2026-04-30 20:21:08] Checking remote updates...
[2026-04-30 20:31:09] Checking remote updates...
[2026-04-30 20:41:10] Checking remote updates...
[2026-04-30 20:51:10] Checking remote updates...
[2026-04-30 21:01:11] Checking remote updates...
[2026-04-30 21:11:12] Checking remote updates...
[2026-04-30 21:21:13] Checking remote updates...
[2026-04-30 21:31:14] Checking remote updates...
[2026-04-30 21:41:15] Checking remote updates...
[2026-04-30 21:51:16] Checking remote updates...
[2026-04-30 22:01:17] Checking remote updates...
[2026-04-30 22:11:18] Checking remote updates...
[2026-04-30 22:21:19] Checking remote updates...
[2026-04-30 22:31:20] Checking remote updates...
[2026-04-30 22:41:21] Checking remote updates...
[2026-04-30 22:51:22] Checking remote updates...
[2026-04-30 23:01:23] Checking remote updates...
[2026-04-30 23:11:24] Checking remote updates...
[2026-04-30 23:21:25] Checking remote updates...
[2026-04-30 23:31:25] Checking remote updates...
[2026-04-30 23:41:26] Checking remote updates...
[2026-04-30 23:51:27] Checking remote updates...
[2026-05-01 00:01:28] Checking remote updates...
[2026-05-01 00:11:29] Checking remote updates...
[2026-05-01 00:21:30] Checking remote updates...
[2026-05-01 00:31:31] Checking remote updates...
[2026-05-01 00:41:32] Checking remote updates...
[2026-05-01 00:51:33] Checking remote updates...
[2026-05-01 01:01:34] Checking remote updates...
[2026-05-01 01:11:35] Checking remote updates...
[2026-05-01 01:21:35] Checking remote updates...
[2026-05-01 01:31:36] Checking remote updates...
[2026-05-01 01:41:37] Checking remote updates...
[2026-05-01 01:51:38] Checking remote updates...
[2026-05-01 02:01:39] Checking remote updates...
[2026-05-01 02:11:40] Checking remote updates...
[2026-05-01 02:21:41] Checking remote updates...
[2026-05-01 02:31:42] Checking remote updates...
[2026-05-01 02:41:43] Checking remote updates...
[2026-05-01 02:51:44] Checking remote updates...
[2026-05-01 03:01:45] Checking remote updates...
[2026-05-01 03:11:46] Checking remote updates...
[2026-05-01 03:21:47] Checking remote updates...
[2026-05-01 03:31:48] Checking remote updates...
[2026-05-01 03:41:49] Checking remote updates...
[2026-05-01 03:51:50] Checking remote updates...
[2026-05-01 04:01:51] Checking remote updates...
[2026-05-01 04:11:52] Checking remote updates...
[2026-05-01 04:21:53] Checking remote updates...
[2026-05-01 04:31:54] Checking remote updates...
[2026-05-01 04:41:55] Checking remote updates...
[2026-05-01 04:51:55] Checking remote updates...
[2026-05-01 05:01:56] Checking remote updates...
[2026-05-01 05:11:57] Checking remote updates...
[2026-05-01 05:21:58] Checking remote updates...
[2026-05-01 05:31:59] Checking remote updates...
[2026-05-01 05:42:00] Checking remote updates...
[2026-05-01 05:52:01] Checking remote updates...
[2026-05-01 06:02:02] Checking remote updates...
[2026-05-01 06:12:03] Checking remote updates...
[2026-05-01 06:22:04] Checking remote updates...
[2026-05-01T06:30:00.538070] Starting Daily Paper
[2026-05-01 06:32:05] Checking remote updates...
Error: Reached max turns (20)[2026-05-01T06:32:11.779422] Done (exit code 1)
[2026-05-01 06:42:06] Checking remote updates...
[2026-05-01 06:42:07] Remote update detected: eee24ffb12efae94acb4a3d17e69deee2bd35cd8 -> 8734169f5957a18405700eab93ed42c95833ce0c
[2026-05-01 06:42:07] ===== Restart begin =====
[2026-05-01 06:42:07] Stopping server PID=95749
[2026-05-01 06:42:08] Server stopped.
[2026-05-01 06:42:08] git pull --ff-only
Updating eee24ff..8734169
Fast-forward
 dailies/pages/2026-05-01.html | 1740 +++++++++++++++++++++++++++++++++++++++++
 dailies/tips/2026-05-01.json  |    1 +
 index.html                    |   16 +-
 summaries.jsonl               |    3 +
 4 files changed, 1758 insertions(+), 2 deletions(-)
 create mode 100644 dailies/pages/2026-05-01.html
 create mode 100644 dailies/tips/2026-05-01.json
[2026-05-01 06:42:09] Step 1/2: rebuild_faiss (rebuild vector index)
[2026-05-01 06:42:09] WARNING: rebuild_faiss.py failed (non-fatal), continuing...
[2026-05-01 06:42:09] Step 2/2: wiki_build (agent builds wiki)
[2026-05-01 06:42:10] All papers in wiki/raw/ already processed — skipping build.
[2026-05-01 06:42:10] Starting server in background...
[2026-05-01 06:42:12] Server started. PID=67322
[2026-05-01 06:42:12] Server log: /tmp/paper_search_server.log
[2026-05-01 06:42:12] ===== Restart done =====
[2026-05-01 06:52:12] Checking remote updates...
[2026-05-01 07:02:13] Checking remote updates...
[2026-05-01 07:12:14] Checking remote updates...
[2026-05-01 07:22:15] Checking remote updates...
[2026-05-01 07:32:16] Checking remote updates...
[2026-05-01 07:42:17] Checking remote updates...
[2026-05-01 07:52:18] Checking remote updates...
[2026-05-01 08:02:18] Checking remote updates...
[2026-05-01 08:12:19] Checking remote updates...
[2026-05-01 08:22:20] Checking remote updates...
[2026-05-01 08:32:21] Checking remote updates...
[2026-05-01 08:42:22] Checking remote updates...
[2026-05-01 08:52:23] Checking remote updates...
[2026-05-01 09:02:24] Checking remote updates...
[2026-05-01 09:12:25] Checking remote updates...
[2026-05-01 09:22:26] Checking remote updates...
[2026-05-01 09:32:27] Checking remote updates...
[2026-05-01 09:42:28] Checking remote updates...
[2026-05-01 09:52:29] Checking remote updates...
[2026-05-01 10:02:30] Checking remote updates...
[2026-05-01 10:12:31] Checking remote updates...
[2026-05-01 10:22:32] Checking remote updates...
[2026-05-01 10:32:33] Checking remote updates...
[2026-05-01 10:42:34] Checking remote updates...
[2026-05-01 10:52:34] Checking remote updates...
[2026-05-01 11:02:35] Checking remote updates...
[2026-05-01 11:12:36] Checking remote updates...
[2026-05-01 11:22:37] Checking remote updates...
[2026-05-01 11:32:38] Checking remote updates...
[2026-05-01 11:42:39] Checking remote updates...
[2026-05-01 11:52:40] Checking remote updates...
[2026-05-01 12:02:41] Checking remote updates...
[2026-05-01 12:12:42] Checking remote updates...
[2026-05-01 12:22:43] Checking remote updates...
[2026-05-01 12:32:44] Checking remote updates...
[2026-05-01 12:42:45] Checking remote updates...
[2026-05-01 12:52:46] Checking remote updates...
[2026-05-01 13:02:47] Checking remote updates...
[2026-05-01 13:12:48] Checking remote updates...
[2026-05-01 13:22:49] Checking remote updates...
[2026-05-01 13:32:49] Checking remote updates...
[2026-05-01 13:42:50] Checking remote updates...
[2026-05-01 13:52:51] Checking remote updates...
[2026-05-01 14:02:52] Checking remote updates...
[2026-05-01 14:12:53] Checking remote updates...
[2026-05-01 14:22:54] Checking remote updates...
[2026-05-01 14:32:55] Checking remote updates...
[2026-05-01 14:42:56] Checking remote updates...
[2026-05-01 14:52:57] Checking remote updates...
[2026-05-01 15:02:58] Checking remote updates...
[2026-05-01 15:12:59] Checking remote updates...
[2026-05-01 15:23:00] Checking remote updates...
[2026-05-01 15:33:01] Checking remote updates...
[2026-05-01 15:43:02] Checking remote updates...
[2026-05-01 15:53:03] Checking remote updates...
[2026-05-01 16:03:04] Checking remote updates...
[2026-05-01 16:13:05] Checking remote updates...
[2026-05-01 16:23:06] Checking remote updates...
[2026-05-01 16:33:07] Checking remote updates...
[2026-05-01 16:43:07] Checking remote updates...
[2026-05-01 16:53:08] Checking remote updates...
[2026-05-01 17:03:09] Checking remote updates...
[2026-05-01 17:13:10] Checking remote updates...
[2026-05-01 17:23:11] Checking remote updates...
[2026-05-01 17:33:12] Checking remote updates...
[2026-05-01 17:43:13] Checking remote updates...
[2026-05-01 17:53:14] Checking remote updates...
[2026-05-01 18:03:15] Checking remote updates...
[2026-05-01 18:13:16] Checking remote updates...
[2026-05-01 18:23:17] Checking remote updates...
[2026-05-01 18:33:18] Checking remote updates...
[2026-05-01 18:43:19] Checking remote updates...
[2026-05-01 18:53:20] Checking remote updates...
[2026-05-01 19:03:21] Checking remote updates...
[2026-05-01 19:13:21] Checking remote updates...
[2026-05-01 19:23:22] Checking remote updates...
[2026-05-01 19:33:23] Checking remote updates...
[2026-05-01 19:43:24] Checking remote updates...
[2026-05-01 19:53:25] Checking remote updates...
[2026-05-01 20:03:26] Checking remote updates...
[2026-05-01 20:13:27] Checking remote updates...
[2026-05-01 20:23:28] Checking remote updates...
[2026-05-01 20:33:29] Checking remote updates...
[2026-05-01 20:43:30] Checking remote updates...
[2026-05-01 20:53:31] Checking remote updates...
[2026-05-01 21:03:32] Checking remote updates...
[2026-05-01 21:13:33] Checking remote updates...
[2026-05-01 21:23:34] Checking remote updates...
[2026-05-01 21:33:35] Checking remote updates...
[2026-05-01 21:43:36] Checking remote updates...
[2026-05-01 21:53:37] Checking remote updates...
[2026-05-01 22:03:38] Checking remote updates...
[2026-05-01 22:13:39] Checking remote updates...
[2026-05-01 22:23:39] Checking remote updates...
[2026-05-01 22:33:40] Checking remote updates...
[2026-05-01 22:43:41] Checking remote updates...
[2026-05-01 22:53:42] Checking remote updates...
[2026-05-01 23:03:43] Checking remote updates...
[2026-05-01 23:13:44] Checking remote updates...
[2026-05-01 23:23:45] Checking remote updates...
[2026-05-01 23:33:46] Checking remote updates...
[2026-05-01 23:43:47] Checking remote updates...
